{"target": 0.5053652703762055, "params": {"dropout": 0.249816047538945, "log_hidden_size": 7.25357153204958, "log_lr": -1.8040181745657846}, "datetime": {"datetime": "2026-07-09 17:07:33", "elapsed": 0.0, "delta": 0.0}}
{"target": 0.45543774366378786, "params": {"dropout": 0.3394633936788146, "log_hidden_size": 3.2800932022121825, "log_lr": -3.532016438991392}, "datetime": {"datetime": "2026-07-09 17:08:19", "elapsed": 45.749659, "delta": 45.749659}}
{"target": 0.5477975845336914, "params": {"dropout": 0.12323344486727979, "log_hidden_size": 6.830880728874676, "log_lr": -2.1966549647703735}, "datetime": {"datetime": "2026-07-09 17:08:34", "elapsed": 61.207543, "delta": 15.457884}}
{"target": 0.39893590807914736, "params": {"dropout": 0.3832290311184182, "log_hidden_size": 2.6029224714790122, "log_lr": -1.090270443514017}, "datetime": {"datetime": "2026-07-09 17:08:44", "elapsed": 71.036361, "delta": 9.828818}}
{"target": 0.49709817171096804, "params": {"dropout": 0.4329770563201687, "log_hidden_size": 3.561695553391381, "log_lr": -3.4545250983786984}, "datetime": {"datetime": "2026-07-09 17:09:30", "elapsed": 117.459306, "delta": 46.422945}}
{"target": 0.4433800995349884, "params": {"dropout": 0.17336180394137352, "log_hidden_size": 4.021211214797688, "log_lr": -2.4257307051032866}, "datetime": {"datetime": "2026-07-09 17:09:42", "elapsed": 129.209116, "delta": 11.74981}}
{"target": 0.5252668499946594, "params": {"dropout": 0.24564148986437348, "log_hidden_size": 7.255541165073051, "log_lr": -1.7988165765905413}, "datetime": {"datetime": "2026-07-09 17:09:57", "elapsed": 144.412706, "delta": 15.20359}}
{"target": 0.5380754888057708, "params": {"dropout": 0.13286401240418105, "log_hidden_size": 6.844191533156342, "log_lr": -2.2115884190944923}, "datetime": {"datetime": "2026-07-09 17:10:18", "elapsed": 165.440384, "delta": 21.027678}}
{"target": 0.5375209629535675, "params": {"dropout": 0.2230733411834111, "log_hidden_size": 7.266189747076362, "log_lr": -1.7706963074008415}, "datetime": {"datetime": "2026-07-09 17:10:39", "elapsed": 186.154698, "delta": 20.714314}}
{"target": 0.43898179233074186, "params": {"dropout": 0.4357756465214794, "log_hidden_size": 6.004134669820411, "log_lr": -3.372262406044097}, "datetime": {"datetime": "2026-07-09 17:11:25", "elapsed": 231.654322, "delta": 45.499624}}
{"target": 0.5659611761569977, "params": {"dropout": 0.15449476997603984, "log_hidden_size": 6.839043730858593, "log_lr": -2.170666659161813}, "datetime": {"datetime": "2026-07-09 17:11:45", "elapsed": 251.703676, "delta": 20.049354}}
{"target": 0.5900239408016205, "params": {"dropout": 0.1240504442817829, "log_hidden_size": 6.866445009767377, "log_lr": -2.158523817110152}, "datetime": {"datetime": "2026-07-09 17:12:07", "elapsed": 274.29775, "delta": 22.594074}}
{"target": 0.551045960187912, "params": {"dropout": 0.15863609041464877, "log_hidden_size": 6.891887563097429, "log_lr": -2.1471119901042144}, "datetime": {"datetime": "2026-07-09 17:12:28", "elapsed": 294.81735, "delta": 20.5196}}
{"target": 0.6201923370361329, "params": {"dropout": 0.12227499517514595, "log_hidden_size": 6.839923568530117, "log_lr": -2.1216191733234915}, "datetime": {"datetime": "2026-07-09 17:12:47", "elapsed": 314.48669, "delta": 19.66934}}
{"target": 0.579997581243515, "params": {"dropout": 0.1, "log_hidden_size": 6.799469813917921, "log_lr": -2.1220940216548505}, "datetime": {"datetime": "2026-07-09 17:13:01", "elapsed": 327.735743, "delta": 13.249053}}
{"target": 0.588699197769165, "params": {"dropout": 0.1, "log_hidden_size": 6.871014249850645, "log_lr": -2.0923234086500337}, "datetime": {"datetime": "2026-07-09 17:13:15", "elapsed": 342.12368, "delta": 14.387937}}
{"target": 0.5603661894798279, "params": {"dropout": 0.1517983513437827, "log_hidden_size": 6.8250436688452405, "log_lr": -2.0760846337981116}, "datetime": {"datetime": "2026-07-09 17:13:28", "elapsed": 355.044982, "delta": 12.921302}}
{"target": 0.6082093179225921, "params": {"dropout": 0.1, "log_hidden_size": 6.943499004967863, "log_lr": -2.1199682629374483}, "datetime": {"datetime": "2026-07-09 17:13:43", "elapsed": 370.571428, "delta": 15.526446}}
{"target": 0.6095453858375549, "params": {"dropout": 0.1, "log_hidden_size": 6.963684509791248, "log_lr": -2.0629220849159604}, "datetime": {"datetime": "2026-07-09 17:13:58", "elapsed": 384.794899, "delta": 14.223471}}
{"target": 0.5647330403327941, "params": {"dropout": 0.1, "log_hidden_size": 7.010782028843539, "log_lr": -2.107307673267742}, "datetime": {"datetime": "2026-07-09 17:14:11", "elapsed": 397.778541, "delta": 12.983642}}
{"target": 0.5553252458572387, "params": {"dropout": 0.15557402736923132, "log_hidden_size": 6.950064157626821, "log_lr": -2.0710829957880295}, "datetime": {"datetime": "2026-07-09 17:14:26", "elapsed": 412.735317, "delta": 14.956776}}
{"target": 0.4551990985870361, "params": {"dropout": 0.13178500344348085, "log_hidden_size": 4.6643360845822635, "log_lr": -2.9416912815195797}, "datetime": {"datetime": "2026-07-09 17:14:46", "elapsed": 432.676179, "delta": 19.940862}}
{"target": 0.5707077264785767, "params": {"dropout": 0.1, "log_hidden_size": 6.940880156917382, "log_lr": -1.9975923412283667}, "datetime": {"datetime": "2026-07-09 17:14:58", "elapsed": 445.549991, "delta": 12.873812}}
{"target": 0.48181371092796327, "params": {"dropout": 0.30871046692499166, "log_hidden_size": 2.748611516177903, "log_lr": -1.9944568521674118}, "datetime": {"datetime": "2026-07-09 17:15:13", "elapsed": 460.221643, "delta": 14.671652}}
{"target": 0.5647661328315735, "params": {"dropout": 0.1, "log_hidden_size": 7.0193738529412535, "log_lr": -2.016282858199741}, "datetime": {"datetime": "2026-07-09 17:15:26", "elapsed": 473.309158, "delta": 13.087515}}
{"target": 0.5570957362651825, "params": {"dropout": 0.1, "log_hidden_size": 6.960077456259233, "log_lr": -2.190187976460597}, "datetime": {"datetime": "2026-07-09 17:15:41", "elapsed": 488.221601, "delta": 14.912443}}
{"target": 0.5602024078369141, "params": {"dropout": 0.1, "log_hidden_size": 6.995687942395774, "log_lr": -1.905993537563505}, "datetime": {"datetime": "2026-07-09 17:15:54", "elapsed": 501.242035, "delta": 13.020434}}
{"target": 0.476881867647171, "params": {"dropout": 0.32221126625308694, "log_hidden_size": 2.760462322259621, "log_lr": -3.5316929192626105}, "datetime": {"datetime": "2026-07-09 17:16:44", "elapsed": 550.953767, "delta": 49.711732}}
{"target": 0.5017149806022644, "params": {"dropout": 0.18270246148659036, "log_hidden_size": 6.990450551364974, "log_lr": -1.9537122858266154}, "datetime": {"datetime": "2026-07-09 17:16:59", "elapsed": 565.779198, "delta": 14.825431}}
{"target": 0.6130869626998902, "params": {"dropout": 0.1, "log_hidden_size": 6.8968154753174185, "log_lr": -1.8913662716615938}, "datetime": {"datetime": "2026-07-09 17:17:15", "elapsed": 581.615256, "delta": 15.836058}}
