{"target": 0.5871013402938843, "params": {"dropout": 0.249816047538945, "kernel_idx": 2.3521429192297485, "log_hidden_dim": 5.42797576724562, "log_lr": -2.20402454740889, "log_num_channels": 1.2800932022121825}, "datetime": {"datetime": "2026-07-06 00:35:05", "elapsed": 0.0, "delta": 0.0}}
{"target": 0.5850470304489136, "params": {"dropout": 0.16239780813448107, "kernel_idx": -0.3257491634954016, "log_hidden_dim": 5.96470458309974, "log_lr": -2.1966549647703735, "log_num_channels": 4.040362888980227}, "datetime": {"datetime": "2026-07-06 00:35:20", "elapsed": 15.602546, "delta": 15.602546}}
{"target": 0.49579095244407656, "params": {"dropout": 0.10823379771832098, "kernel_idx": 2.409729556485983, "log_hidden_dim": 5.829770563201687, "log_lr": -3.3629826679651718, "log_num_channels": 1.409124836035503}, "datetime": {"datetime": "2026-07-06 00:36:38", "elapsed": 93.081144, "delta": 77.478598}}
{"target": 0.6292931795120239, "params": {"dropout": 0.17336180394137352, "kernel_idx": 0.41272672887861317, "log_hidden_dim": 4.599025726528952, "log_lr": -2.7041649440736526, "log_num_channels": 1.9561457009902097}, "datetime": {"datetime": "2026-07-06 00:37:06", "elapsed": 121.254994, "delta": 28.17385}}
{"target": 0.6211022794246673, "params": {"dropout": 0.34474115788895177, "kernel_idx": -0.0815184180438745, "log_hidden_dim": 3.6685785941408726, "log_lr": -2.900914470118925, "log_num_channels": 2.78034992108518}, "datetime": {"datetime": "2026-07-06 00:37:55", "elapsed": 170.846241, "delta": 49.591247}}
{"target": 0.5853732347488403, "params": {"dropout": 0.41407038455720546, "kernel_idx": 0.09902134647507921, "log_hidden_dim": 4.556937753654447, "log_lr": -2.2227562934138727, "log_num_channels": 0.7322520635999886}, "datetime": {"datetime": "2026-07-06 00:38:15", "elapsed": 190.578082, "delta": 19.731841}}
{"target": 0.3897138208150864, "params": {"dropout": 0.34301794076057535, "kernel_idx": 0.011572371061874587, "log_hidden_dim": 2.760206371941118, "log_lr": -1.1533433882400002, "log_num_channels": 5.328160165372797}, "datetime": {"datetime": "2026-07-06 00:38:29", "elapsed": 204.861366, "delta": 14.283284}}
{"target": 0.5745213687419891, "params": {"dropout": 0.4233589392465845, "kernel_idx": 0.41384130752011206, "log_hidden_dim": 2.8906884560255355, "log_lr": -1.9473009204635292, "log_num_channels": 2.7007624686980067}, "datetime": {"datetime": "2026-07-06 00:38:48", "elapsed": 223.732991, "delta": 18.871625}}
{"target": 0.6280127882957458, "params": {"dropout": 0.14881529393791154, "kernel_idx": 0.9855307303338106, "log_hidden_dim": 2.6375540844608736, "log_lr": -1.2720387937636537, "log_num_channels": 1.7938999080000846}, "datetime": {"datetime": "2026-07-06 00:39:09", "elapsed": 244.392482, "delta": 20.659491}}
{"target": 0.6117713868618011, "params": {"dropout": 0.36500891374159283, "kernel_idx": 0.43513322826823286, "log_hidden_dim": 4.580272084711243, "log_lr": -2.359869161970161, "log_num_channels": 1.4242722776276353}, "datetime": {"datetime": "2026-07-06 00:39:35", "elapsed": 270.301413, "delta": 25.908931}}
{"target": 0.32255875766277314, "params": {"dropout": 0.1, "kernel_idx": 2.5, "log_hidden_dim": 3.1325878613810105, "log_lr": -1.0, "log_num_channels": 0.5}, "datetime": {"datetime": "2026-07-06 00:39:44", "elapsed": 279.477635, "delta": 9.176222}}
{"target": 0.5298721253871918, "params": {"dropout": 0.1, "kernel_idx": -0.5, "log_hidden_dim": 2.5, "log_lr": -1.542545740408707, "log_num_channels": 1.152329178998164}, "datetime": {"datetime": "2026-07-06 00:39:58", "elapsed": 293.070673, "delta": 13.593038}}
{"target": 0.5797353327274323, "params": {"dropout": 0.5, "kernel_idx": -0.5, "log_hidden_dim": 5.068498930367972, "log_lr": -3.687480073584268, "log_num_channels": 2.7450997340507377}, "datetime": {"datetime": "2026-07-06 00:41:51", "elapsed": 406.840574, "delta": 113.769901}}
{"target": 0.5372702777385712, "params": {"dropout": 0.1, "kernel_idx": 0.8703646466561094, "log_hidden_dim": 5.027512169481879, "log_lr": -1.4468427165919082, "log_num_channels": 2.671860273853967}, "datetime": {"datetime": "2026-07-06 00:42:05", "elapsed": 420.122514, "delta": 13.28194}}
{"target": 0.5140129148960113, "params": {"dropout": 0.14665402145445253, "kernel_idx": 0.5279150817093589, "log_hidden_dim": 3.5111150395356927, "log_lr": -3.6070691930781567, "log_num_channels": 1.6770865568262454}, "datetime": {"datetime": "2026-07-06 00:44:42", "elapsed": 577.632063, "delta": 157.509549}}
{"target": 0.597204041481018, "params": {"dropout": 0.5, "kernel_idx": -0.5, "log_hidden_dim": 4.516953389588597, "log_lr": -2.236495749995601, "log_num_channels": 2.334483918293967}, "datetime": {"datetime": "2026-07-06 00:45:00", "elapsed": 595.362843, "delta": 17.73078}}
{"target": 0.6224399745464325, "params": {"dropout": 0.5, "kernel_idx": 0.6918784227448056, "log_hidden_dim": 4.535479998861805, "log_lr": -3.082650372603009, "log_num_channels": 3.441516612518037}, "datetime": {"datetime": "2026-07-06 00:46:22", "elapsed": 677.279323, "delta": 81.91648}}
{"target": 0.5803430140018463, "params": {"dropout": 0.1, "kernel_idx": -0.2986856442673808, "log_hidden_dim": 4.0253119234016905, "log_lr": -3.722938426016839, "log_num_channels": 4.129402676009993}, "datetime": {"datetime": "2026-07-06 00:49:00", "elapsed": 835.508706, "delta": 158.229383}}
{"target": 0.6073172926902771, "params": {"dropout": 0.5, "kernel_idx": 0.900394491814937, "log_hidden_dim": 5.75910281886787, "log_lr": -3.7032170528071897, "log_num_channels": 4.442912166869004}, "datetime": {"datetime": "2026-07-06 00:52:13", "elapsed": 1028.850781, "delta": 193.342075}}
{"target": 0.5007380068302154, "params": {"dropout": 0.5, "kernel_idx": 1.8624042460179495, "log_hidden_dim": 4.379181099140373, "log_lr": -4.0, "log_num_channels": 4.3749719776030584}, "datetime": {"datetime": "2026-07-06 00:56:21", "elapsed": 1276.387199, "delta": 247.536418}}
{"target": 0.6211809635162353, "params": {"dropout": 0.5, "kernel_idx": 0.6818752236296383, "log_hidden_dim": 6.040373734625504, "log_lr": -3.1197399208481613, "log_num_channels": 3.102584116369545}, "datetime": {"datetime": "2026-07-06 00:57:47", "elapsed": 1362.712342, "delta": 86.325143}}
{"target": 0.5819727420806885, "params": {"dropout": 0.5, "kernel_idx": -0.32495301771685037, "log_hidden_dim": 6.5, "log_lr": -3.994212899924771, "log_num_channels": 4.075188475772146}, "datetime": {"datetime": "2026-07-06 01:00:29", "elapsed": 1524.879796, "delta": 162.167454}}
{"target": 0.6109780490398407, "params": {"dropout": 0.5, "kernel_idx": 0.020282768841970937, "log_hidden_dim": 6.172227539874814, "log_lr": -2.636118377534662, "log_num_channels": 1.5712158102486842}, "datetime": {"datetime": "2026-07-06 01:00:54", "elapsed": 1549.762397, "delta": 24.882601}}
{"target": 0.582407969236374, "params": {"dropout": 0.5, "kernel_idx": 1.4636358547194088, "log_hidden_dim": 6.5, "log_lr": -2.4046145275797146, "log_num_channels": 4.434258754256933}, "datetime": {"datetime": "2026-07-06 01:01:23", "elapsed": 1578.15918, "delta": 28.396783}}
{"target": 0.6054166793823242, "params": {"dropout": 0.5, "kernel_idx": 0.966080394718047, "log_hidden_dim": 6.5, "log_lr": -1.490157497623091, "log_num_channels": 0.5031077777709291}, "datetime": {"datetime": "2026-07-06 01:01:39", "elapsed": 1594.446077, "delta": 16.286897}}
{"target": 0.6041118204593658, "params": {"dropout": 0.1, "kernel_idx": -0.5, "log_hidden_dim": 6.5, "log_lr": -1.0538131595085054, "log_num_channels": 0.8389725607221694}, "datetime": {"datetime": "2026-07-06 01:01:47", "elapsed": 1602.676633, "delta": 8.230556}}
{"target": 0.4879713237285614, "params": {"dropout": 0.1, "kernel_idx": -0.5, "log_hidden_dim": 6.5, "log_lr": -3.564538406858237, "log_num_channels": 0.5}, "datetime": {"datetime": "2026-07-06 01:02:40", "elapsed": 1655.475439, "delta": 52.798806}}
{"target": 0.6214388549327851, "params": {"dropout": 0.5, "kernel_idx": -0.5, "log_hidden_dim": 6.5, "log_lr": -1.5545082135920156, "log_num_channels": 2.356087064527201}, "datetime": {"datetime": "2026-07-06 01:02:55", "elapsed": 1670.73118, "delta": 15.255741}}
{"target": 0.6536398530006409, "params": {"dropout": 0.5, "kernel_idx": 0.9823706062022314, "log_hidden_dim": 6.5, "log_lr": -1.76571839392905, "log_num_channels": 2.001597572481409}, "datetime": {"datetime": "2026-07-06 01:03:19", "elapsed": 1694.444448, "delta": 23.713268}}
{"target": 0.39612385630607605, "params": {"dropout": 0.5, "kernel_idx": 2.248219171195054, "log_hidden_dim": 6.5, "log_lr": -1.0, "log_num_channels": 1.7867431877683433}, "datetime": {"datetime": "2026-07-06 01:03:36", "elapsed": 1711.237836, "delta": 16.793388}}
{"target": 0.5961614191532135, "params": {"dropout": 0.1, "kernel_idx": 0.44037946967613256, "log_hidden_dim": 6.5, "log_lr": -2.2143921299860914, "log_num_channels": 2.4910836482886087}, "datetime": {"datetime": "2026-07-06 01:04:00", "elapsed": 1735.254637, "delta": 24.016801}}
{"target": 0.619147253036499, "params": {"dropout": 0.5, "kernel_idx": 0.320972816410956, "log_hidden_dim": 6.026436346153981, "log_lr": -1.5372592711419157, "log_num_channels": 1.5212787355536772}, "datetime": {"datetime": "2026-07-06 01:04:14", "elapsed": 1749.935076, "delta": 14.680439}}
{"target": 0.601604551076889, "params": {"dropout": 0.5, "kernel_idx": 1.0288840250679516, "log_hidden_dim": 5.722846210628758, "log_lr": -2.4922476858423046, "log_num_channels": 1.838325455225817}, "datetime": {"datetime": "2026-07-06 01:05:00", "elapsed": 1795.432728, "delta": 45.497652}}
{"target": 0.1798122376203537, "params": {"dropout": 0.1, "kernel_idx": 1.5836153918606075, "log_hidden_dim": 2.5, "log_lr": -1.0, "log_num_channels": 2.801094407709509}, "datetime": {"datetime": "2026-07-06 01:05:14", "elapsed": 1809.709412, "delta": 14.276684}}
{"target": 0.5705877840518951, "params": {"dropout": 0.3736992290343765, "kernel_idx": 0.6264003749986825, "log_hidden_dim": 3.2731023124725573, "log_lr": -1.689950414844848, "log_num_channels": 1.477214893616408}, "datetime": {"datetime": "2026-07-06 01:05:41", "elapsed": 1836.906108, "delta": 27.196696}}
{"target": 0.667338764667511, "params": {"dropout": 0.5, "kernel_idx": 0.1812194696771883, "log_hidden_dim": 5.248997808891671, "log_lr": -2.646698458751927, "log_num_channels": 2.8381809134967457}, "datetime": {"datetime": "2026-07-06 01:06:21", "elapsed": 1876.326517, "delta": 39.420409}}
{"target": 0.5898703873157501, "params": {"dropout": 0.1, "kernel_idx": -0.2087505605980897, "log_hidden_dim": 4.734379895036879, "log_lr": -2.6226686786006503, "log_num_channels": 3.4509445909330783}, "datetime": {"datetime": "2026-07-06 01:06:53", "elapsed": 1908.643299, "delta": 32.316782}}
{"target": 0.592846941947937, "params": {"dropout": 0.5, "kernel_idx": -0.5, "log_hidden_dim": 5.897284690019362, "log_lr": -2.589159662848727, "log_num_channels": 2.6762357495430433}, "datetime": {"datetime": "2026-07-06 01:07:29", "elapsed": 1944.223384, "delta": 35.580085}}
{"target": 0.596247810125351, "params": {"dropout": 0.1, "kernel_idx": 0.6902531262169633, "log_hidden_dim": 5.14883220615911, "log_lr": -3.365604139429851, "log_num_channels": 2.6853316379255556}, "datetime": {"datetime": "2026-07-06 01:09:42", "elapsed": 2077.911119, "delta": 133.687735}}
{"target": 0.6018413066864013, "params": {"dropout": 0.5, "kernel_idx": 0.8321187123073056, "log_hidden_dim": 5.433094429438507, "log_lr": -2.4290496013957825, "log_num_channels": 3.6974626464956746}, "datetime": {"datetime": "2026-07-06 01:10:22", "elapsed": 2116.966074, "delta": 39.054955}}
{"target": 0.6015817046165466, "params": {"dropout": 0.5, "kernel_idx": 0.18967853117201314, "log_hidden_dim": 6.348146479788238, "log_lr": -3.1082562230992132, "log_num_channels": 5.5}, "datetime": {"datetime": "2026-07-06 01:24:49", "elapsed": 2984.296246, "delta": 867.330172}}
{"target": 0.6225156724452973, "params": {"dropout": 0.5, "kernel_idx": -0.4073873438735522, "log_hidden_dim": 5.278808227872089, "log_lr": -4.0, "log_num_channels": 5.470098918427602}, "datetime": {"datetime": "2026-07-06 01:28:55", "elapsed": 3230.816237, "delta": 246.519991}}
{"target": 0.6523016631603241, "params": {"dropout": 0.5, "kernel_idx": 0.24099036731739862, "log_hidden_dim": 4.948660589103074, "log_lr": -2.930171567919558, "log_num_channels": 5.5}, "datetime": {"datetime": "2026-07-06 01:41:34", "elapsed": 3989.409958, "delta": 758.593721}}
{"target": 0.6404607951641083, "params": {"dropout": 0.1, "kernel_idx": -0.5, "log_hidden_dim": 5.3502695829803555, "log_lr": -2.5741165240760733, "log_num_channels": 5.5}, "datetime": {"datetime": "2026-07-06 01:47:41", "elapsed": 4356.366088, "delta": 366.95613}}
{"target": 0.6609293937683105, "params": {"dropout": 0.1, "kernel_idx": 0.6541055744040385, "log_hidden_dim": 5.456279979618299, "log_lr": -1.9696705517511959, "log_num_channels": 5.5}, "datetime": {"datetime": "2026-07-06 01:52:45", "elapsed": 4660.603012, "delta": 304.236924}}
{"target": 0.5117760896682739, "params": {"dropout": 0.5, "kernel_idx": -0.14014046269183397, "log_hidden_dim": 5.89135528000908, "log_lr": -1.307124082987308, "log_num_channels": 5.5}, "datetime": {"datetime": "2026-07-06 01:57:04", "elapsed": 4919.854204, "delta": 259.251192}}
{"target": 0.6255580663681031, "params": {"dropout": 0.1, "kernel_idx": 1.2447237945888057, "log_hidden_dim": 5.38074256265467, "log_lr": -2.7728457035446987, "log_num_channels": 5.5}, "datetime": {"datetime": "2026-07-06 02:05:38", "elapsed": 5433.386125, "delta": 513.531921}}
{"target": 0.4950997233390808, "params": {"dropout": 0.1, "kernel_idx": 1.725469447128754, "log_hidden_dim": 5.223434047731232, "log_lr": -1.4755625772924241, "log_num_channels": 5.5}, "datetime": {"datetime": "2026-07-06 02:10:18", "elapsed": 5713.90429, "delta": 280.518165}}
{"target": 0.5936192870140076, "params": {"dropout": 0.1, "kernel_idx": 0.36840494747317326, "log_hidden_dim": 5.424566596375925, "log_lr": -2.691291478080668, "log_num_channels": 4.90041158189051}, "datetime": {"datetime": "2026-07-06 02:10:57", "elapsed": 5752.634345, "delta": 38.730055}}
{"target": 0.5580944359302521, "params": {"dropout": 0.1, "kernel_idx": -0.5, "log_hidden_dim": 4.348981623726938, "log_lr": -3.1902101069427644, "log_num_channels": 5.5}, "datetime": {"datetime": "2026-07-06 02:30:51", "elapsed": 6946.651452, "delta": 1194.017107}}
