{"target": 0.6684684860746907, "params": {"log_ccp_alpha": -3.50183952461055, "max_depth": 15.85928598332891}, "datetime": {"datetime": "2026-07-09 14:41:28", "elapsed": 0.0, "delta": 0.0}}
{"target": 0.5783466105020525, "params": {"log_ccp_alpha": -2.0720242327543796, "max_depth": 11.282560294561476}, "datetime": {"datetime": "2026-07-09 14:41:46", "elapsed": 18.034191, "delta": 18.034191}}
{"target": 0.6359322159711867, "params": {"log_ccp_alpha": -4.375925438230254, "max_depth": 5.5279287643706345}, "datetime": {"datetime": "2026-07-09 14:41:59", "elapsed": 31.050122, "delta": 13.015931}}
{"target": 0.6629178049362421, "params": {"log_ccp_alpha": -4.767665551327202, "max_depth": 14.760289895074157}, "datetime": {"datetime": "2026-07-09 14:42:19", "elapsed": 50.462413, "delta": 19.412291}}
{"target": 0.3866075181007174, "params": {"log_ccp_alpha": -1.0, "max_depth": 16.5}, "datetime": {"datetime": "2026-07-09 14:42:38", "elapsed": 69.936214, "delta": 19.473801}}
{"target": 0.6635262012286246, "params": {"log_ccp_alpha": -4.860770855011817, "max_depth": 16.258397865655745}, "datetime": {"datetime": "2026-07-09 14:42:58", "elapsed": 89.521059, "delta": 19.584845}}
{"target": 0.57969289608558, "params": {"log_ccp_alpha": -2.411595995456182, "max_depth": 3.5}, "datetime": {"datetime": "2026-07-09 14:43:10", "elapsed": 101.791748, "delta": 12.270689}}
{"target": 0.6689459077185954, "params": {"log_ccp_alpha": -5.0, "max_depth": 7.938831199711258}, "datetime": {"datetime": "2026-07-09 14:43:25", "elapsed": 116.26705, "delta": 14.475302}}
{"target": 0.652401160289274, "params": {"log_ccp_alpha": -2.8935027781690086, "max_depth": 7.638546104830094}, "datetime": {"datetime": "2026-07-09 14:43:38", "elapsed": 129.430905, "delta": 13.163855}}
{"target": 0.6900858480590345, "params": {"log_ccp_alpha": -5.0, "max_depth": 10.157168464432292}, "datetime": {"datetime": "2026-07-09 14:43:53", "elapsed": 144.138199, "delta": 14.707294}}
{"target": 0.7029371826250695, "params": {"log_ccp_alpha": -5.0, "max_depth": 12.209174225369091}, "datetime": {"datetime": "2026-07-09 14:44:09", "elapsed": 160.689445, "delta": 16.551246}}
{"target": 0.3866075181007174, "params": {"log_ccp_alpha": -1.0, "max_depth": 6.378273448676737}, "datetime": {"datetime": "2026-07-09 14:44:26", "elapsed": 177.214246, "delta": 16.524801}}
{"target": 0.6816124974999742, "params": {"log_ccp_alpha": -3.5148091108678243, "max_depth": 9.282081852617612}, "datetime": {"datetime": "2026-07-09 14:44:51", "elapsed": 202.730291, "delta": 25.516045}}
{"target": 0.5805728213575647, "params": {"log_ccp_alpha": -5.0, "max_depth": 3.5}, "datetime": {"datetime": "2026-07-09 14:45:08", "elapsed": 219.46145, "delta": 16.731159}}
{"target": 0.6665455041858965, "params": {"log_ccp_alpha": -3.4293095814048593, "max_depth": 13.374305307528815}, "datetime": {"datetime": "2026-07-09 14:45:39", "elapsed": 250.391101, "delta": 30.929651}}
{"target": 0.698874263080626, "params": {"log_ccp_alpha": -4.059438922859589, "max_depth": 11.30331702829643}, "datetime": {"datetime": "2026-07-09 14:46:05", "elapsed": 276.162405, "delta": 25.771304}}
{"target": 0.6982116434832151, "params": {"log_ccp_alpha": -5.0, "max_depth": 11.246055263469298}, "datetime": {"datetime": "2026-07-09 14:46:30", "elapsed": 301.508915, "delta": 25.34651}}
{"target": 0.6629385368210459, "params": {"log_ccp_alpha": -4.023168962435652, "max_depth": 7.270423200062106}, "datetime": {"datetime": "2026-07-09 14:46:49", "elapsed": 320.541238, "delta": 19.032323}}
{"target": 0.6718036353287721, "params": {"log_ccp_alpha": -5.0, "max_depth": 13.32845558843388}, "datetime": {"datetime": "2026-07-09 14:47:16", "elapsed": 347.951867, "delta": 27.410629}}
{"target": 0.7035563581994103, "params": {"log_ccp_alpha": -4.146075347547042, "max_depth": 12.327172790057011}, "datetime": {"datetime": "2026-07-09 14:47:35", "elapsed": 366.336657, "delta": 18.38479}}
