{"target": 0.4776426613330841, "params": {"dropout": 0.1624074561769746, "log_hidden_size": 2.967983561008608, "log_lr": -3.8257491634954017, "num_layers": 1.866176145774935}, "datetime": {"datetime": "2026-07-02 14:52:07", "elapsed": 0.0, "delta": 0.0}}
{"target": 0.4776426613330841, "params": {"dropout": 0.1624074561769746, "log_hidden_size": 2.967983561008608, "log_lr": -3.8257491634954017, "num_layers": 1.866176145774935}, "datetime": {"datetime": "2026-07-02 14:52:07", "elapsed": 0.001008, "delta": 0.001008}}
{"target": 0.5476890683174134, "params": {"dropout": 0.34044600469728353, "log_hidden_size": 4.624217733388137, "log_lr": -3.9382465171125927, "num_layers": 1.9699098521619942}, "datetime": {"datetime": "2026-07-02 15:24:01", "elapsed": 1914.315513, "delta": 1914.314505}}
{"target": 0.5217042624950409, "params": {"dropout": 0.4329770563201687, "log_hidden_size": 3.1370173320348282, "log_lr": -3.4545250983786984, "num_layers": 1.1834045098534338}, "datetime": {"datetime": "2026-07-02 15:27:00", "elapsed": 2092.952016, "delta": 178.636503}}
{"target": 0.6235131680965423, "params": {"dropout": 0.2216968971838151, "log_hidden_size": 4.074269294896713, "log_lr": -2.7041649440736526, "num_layers": 1.291229140198042}, "datetime": {"datetime": "2026-07-02 15:28:40", "elapsed": 2193.208016, "delta": 100.256}}
{"target": 0.5555641770362854, "params": {"dropout": 0.34474115788895177, "log_hidden_size": 2.9184815819561254, "log_lr": -3.1235660543943453, "num_layers": 1.3663618432936917}, "datetime": {"datetime": "2026-07-02 15:31:25", "elapsed": 2357.695237, "delta": 164.487221}}
{"target": 0.46490020751953126, "params": {"dropout": 0.22011070021887452, "log_hidden_size": 4.406300240970786, "log_lr": -3.6762992765523252, "num_layers": 1.9699314443756606}, "datetime": {"datetime": "2026-07-02 15:38:38", "elapsed": 2791.216836, "delta": 433.521599}}
{"target": 0.6228178679943085, "params": {"dropout": 0.47386277144086764, "log_hidden_size": 4.976199485868654, "log_lr": -2.8153712219694316, "num_layers": 1.4585937291336517}, "datetime": {"datetime": "2026-07-02 15:49:15", "elapsed": 3428.12545, "delta": 636.908614}}
{"target": 0.6319015264511109, "params": {"dropout": 0.48619995133045235, "log_hidden_size": 3.928260308470434, "log_lr": -1.944358628927473, "num_layers": 1.9573710348098825}, "datetime": {"datetime": "2026-07-02 15:58:15", "elapsed": 3967.938487, "delta": 539.813037}}
{"target": 0.6578325450420379, "params": {"dropout": 0.30829666384807397, "log_hidden_size": 4.15854199154042, "log_lr": -1.0067532523435285, "num_layers": 1.3342770493348244}, "datetime": {"datetime": "2026-07-02 16:01:02", "elapsed": 4134.944036, "delta": 167.005549}}
{"target": 0.5503385186195373, "params": {"dropout": 0.3275654711002541, "log_hidden_size": 3.5885832480220503, "log_lr": -2.6393859746278494, "num_layers": 1.0260524172226013}, "datetime": {"datetime": "2026-07-02 16:07:53", "elapsed": 4546.245299, "delta": 411.301263}}
{"target": 0.6390385031700134, "params": {"dropout": 0.47481325958288456, "log_hidden_size": 4.751572249270622, "log_lr": -3.130671498269762, "num_layers": 1.8698432871170798}, "datetime": {"datetime": "2026-07-02 17:05:38", "elapsed": 8011.126187, "delta": 3464.880888}}
{"target": 0.6320099651813507, "params": {"dropout": 0.19978612619628144, "log_hidden_size": 4.9307642905236415, "log_lr": -2.89686035333267, "num_layers": 1.9064861417673464}, "datetime": {"datetime": "2026-07-02 17:48:54", "elapsed": 10606.864379, "delta": 2595.738192}}
{"target": 0.6598212361335755, "params": {"dropout": 0.15431258458935396, "log_hidden_size": 2.76392453127546, "log_lr": -2.404320007497122, "num_layers": 1.1108203503194514}, "datetime": {"datetime": "2026-07-02 18:07:51", "elapsed": 11743.730221, "delta": 1136.865842}}
{"target": 0.6793198704719543, "params": {"dropout": 0.3077120124148915, "log_hidden_size": 4.070015748980063, "log_lr": -1.4990582467060596, "num_layers": 1.49929007361279}, "datetime": {"datetime": "2026-07-02 18:13:33", "elapsed": 12086.006672, "delta": 342.276451}}
{"target": 0.6296967148780823, "params": {"dropout": 0.26191770969602346, "log_hidden_size": 2.968070523344123, "log_lr": -1.5719859632035793, "num_layers": 1.183050337883044}, "datetime": {"datetime": "2026-07-02 18:20:04", "elapsed": 12476.804079, "delta": 390.797407}}
{"target": 0.6927034735679627, "params": {"dropout": 0.1, "log_hidden_size": 3.674481309093801, "log_lr": -1.2129880563999136, "num_layers": 1.7500347361285225}, "datetime": {"datetime": "2026-07-02 18:29:05", "elapsed": 13018.600627, "delta": 541.796548}}
{"target": 0.6245014607906342, "params": {"dropout": 0.5, "log_hidden_size": 3.9700215541902963, "log_lr": -1.0244893387385512, "num_layers": 2.0}, "datetime": {"datetime": "2026-07-02 18:34:52", "elapsed": 13365.265031, "delta": 346.664404}}
{"target": 0.6349310338497162, "params": {"dropout": 0.1, "log_hidden_size": 3.674350865172058, "log_lr": -1.2893562616794751, "num_layers": 1.156040947798614}, "datetime": {"datetime": "2026-07-02 18:37:54", "elapsed": 13547.319329, "delta": 182.054298}}
{"target": 0.6910508513450623, "params": {"dropout": 0.1395779892819241, "log_hidden_size": 4.9290893986400075, "log_lr": -1.587955713772982, "num_layers": 1.9752349681371788}, "datetime": {"datetime": "2026-07-02 18:53:18", "elapsed": 14470.887346, "delta": 923.568017}}
{"target": 0.6584735989570618, "params": {"dropout": 0.44286860115542737, "log_hidden_size": 4.229124083327857, "log_lr": -1.233759758503421, "num_layers": 1.2440508078740136}, "datetime": {"datetime": "2026-07-02 18:58:20", "elapsed": 14773.336813, "delta": 302.449467}}
{"target": 0.5951197504997253, "params": {"dropout": 0.1, "log_hidden_size": 4.409002280846225, "log_lr": -1.4453406113513776, "num_layers": 2.0}, "datetime": {"datetime": "2026-07-02 19:07:28", "elapsed": 15321.086607, "delta": 547.749794}}
{"target": 0.657690954208374, "params": {"dropout": 0.5, "log_hidden_size": 3.5357496930288654, "log_lr": -1.405093173348757, "num_layers": 1.636641329389306}, "datetime": {"datetime": "2026-07-02 19:17:10", "elapsed": 15903.427435, "delta": 582.340828}}
{"target": 0.6320977210998535, "params": {"dropout": 0.46139795426464203, "log_hidden_size": 4.5758741668606895, "log_lr": -2.5927294301078585, "num_layers": 1.1210835860266841}, "datetime": {"datetime": "2026-07-02 19:29:33", "elapsed": 16646.343872, "delta": 742.916437}}
{"target": 0.6659898519515991, "params": {"dropout": 0.28734395246010225, "log_hidden_size": 3.916307593758979, "log_lr": -1.1174992318715797, "num_layers": 1.7006303772423683}, "datetime": {"datetime": "2026-07-02 19:36:44", "elapsed": 17076.967907, "delta": 430.624035}}
{"target": 0.6223080039024353, "params": {"dropout": 0.1, "log_hidden_size": 3.1440750967053743, "log_lr": -1.0, "num_layers": 1.9698858624696616}, "datetime": {"datetime": "2026-07-02 19:39:37", "elapsed": 17250.256131, "delta": 173.288224}}
{"target": 0.6718781471252442, "params": {"dropout": 0.1, "log_hidden_size": 5.179344313057784, "log_lr": -1.1078613886563933, "num_layers": 2.0}, "datetime": {"datetime": "2026-07-02 19:50:50", "elapsed": 17923.331373, "delta": 673.075242}}
{"target": 0.6581478714942932, "params": {"dropout": 0.41084601489540795, "log_hidden_size": 2.721556676139345, "log_lr": -1.4915576733379123, "num_layers": 1.0193109063597117}, "datetime": {"datetime": "2026-07-02 19:55:24", "elapsed": 18196.793894, "delta": 273.462521}}
{"target": 0.6379401087760925, "params": {"dropout": 0.13072193002415766, "log_hidden_size": 4.919000433968166, "log_lr": -1.585773188965015, "num_layers": 1.9312946696705766}, "datetime": {"datetime": "2026-07-02 20:05:37", "elapsed": 18810.500243, "delta": 613.706349}}
{"target": 0.6147903800010681, "params": {"dropout": 0.1726538857190106, "log_hidden_size": 4.966755141072035, "log_lr": -1.596113286822081, "num_layers": 2.0}, "datetime": {"datetime": "2026-07-02 20:15:45", "elapsed": 19418.007698, "delta": 607.507455}}
{"target": 0.5256253123283386, "params": {"dropout": 0.19563091029562038, "log_hidden_size": 5.476088449045355, "log_lr": -3.6276361812455358, "num_layers": 1.3169593044141141}, "datetime": {"datetime": "2026-07-02 21:40:35", "elapsed": 24508.422405, "delta": 5090.414707}}
{"target": 0.5869939446449279, "params": {"dropout": 0.2469413866818838, "log_hidden_size": 2.9772750734083084, "log_lr": -1.5868885360457932, "num_layers": 1.1496319070901144}, "datetime": {"datetime": "2026-07-02 21:45:30", "elapsed": 24803.036765, "delta": 294.61436}}
{"target": 0.6135108232498169, "params": {"dropout": 0.10344944990255023, "log_hidden_size": 2.7599626508659405, "log_lr": -2.9284317769967636, "num_layers": 1.5133017032378207}, "datetime": {"datetime": "2026-07-02 22:30:35", "elapsed": 27508.542015, "delta": 2705.50525}}
{"target": 0.6871084213256836, "params": {"dropout": 0.33239821569885114, "log_hidden_size": 4.189140900285671, "log_lr": -1.0477001609764935, "num_layers": 1.347008353673506}, "datetime": {"datetime": "2026-07-02 22:34:21", "elapsed": 27733.736816, "delta": 225.194801}}
{"target": 0.35862317085266116, "params": {"dropout": 0.2607112745177165, "log_hidden_size": 3.150602988502555, "log_lr": -3.9263264457940834, "num_layers": 1.9720482747936983}, "datetime": {"datetime": "2026-07-02 23:32:01", "elapsed": 31194.063437, "delta": 3460.326621}}
{"target": 0.5854917049407959, "params": {"dropout": 0.3273512820064479, "log_hidden_size": 5.0524297833466285, "log_lr": -1.0031722926606732, "num_layers": 1.8237785204410746}, "datetime": {"datetime": "2026-07-02 23:38:08", "elapsed": 31561.428547, "delta": 367.36511}}
{"target": 0.6762776851654053, "params": {"dropout": 0.3347169663373796, "log_hidden_size": 5.311631478403885, "log_lr": -1.4418090312106062, "num_layers": 1.0710459072962104}, "datetime": {"datetime": "2026-07-02 23:45:35", "elapsed": 32007.899234, "delta": 446.470687}}
{"target": 0.7010683417320251, "params": {"dropout": 0.3627073053234423, "log_hidden_size": 4.181191269731564, "log_lr": -1.0984766527439693, "num_layers": 1.288354269744673}, "datetime": {"datetime": "2026-07-02 23:48:37", "elapsed": 32189.811975, "delta": 181.912741}}
