{"target": 0.6995162369425193, "params": {"G": 5.621780831931537, "W": 9.655000144869414, "log_lamb": -1.8040181745657846, "log_lr": -2.20402454740889}, "datetime": {"datetime": "2026-07-03 04:26:03", "elapsed": 0.0, "delta": 0.0}}
{"target": 0.7307593743921423, "params": {"G": 4.092130483097056, "W": 4.091961642353418, "log_lamb": -3.8257491634954017, "log_lr": -1.4014715626751943}, "datetime": {"datetime": "2026-07-03 04:32:16", "elapsed": 372.924967, "delta": 372.924967}}
{"target": 0.7435137449858977, "params": {"G": 7.207805082202461, "W": 7.956508044572319, "log_lamb": -3.9382465171125927, "log_lr": -1.090270443514017}, "datetime": {"datetime": "2026-07-03 04:40:16", "elapsed": 852.79639, "delta": 479.871423}}
{"target": 0.5019555604806198, "params": {"G": 8.827098485602953, "W": 4.486373774747933, "log_lamb": -3.4545250983786984, "log_lr": -3.4497864704396983}, "datetime": {"datetime": "2026-07-03 04:57:45", "elapsed": 1901.612568, "delta": 1048.816178}}
{"target": 0.7257625599980362, "params": {"G": 5.1296957007167645, "W": 6.673295021425664, "log_lamb": -2.7041649440736526, "log_lr": -3.1263125794058744}, "datetime": {"datetime": "2026-07-03 05:22:13", "elapsed": 3369.791515, "delta": 1468.178947}}
{"target": 0.7404609511984649, "params": {"G": 7.282970263056656, "W": 3.9764570245642927, "log_lamb": -3.1235660543943453, "log_lr": -2.900914470118925}, "datetime": {"datetime": "2026-07-03 05:41:38", "elapsed": 4534.153071, "delta": 1164.361556}}
{"target": 0.7196029804230762, "params": {"G": 6.192489889519251, "W": 8.496231729751095, "log_lamb": -3.4009786535249207, "log_lr": -2.4572966847591653}, "datetime": {"datetime": "2026-07-03 05:54:55", "elapsed": 5331.229772, "delta": 797.076701}}
{"target": 0.6973116483777928, "params": {"G": 7.146901982034297, "W": 3.325152889039984, "log_lamb": -2.1773654442956847, "log_lr": -3.4884276289381253}, "datetime": {"datetime": "2026-07-03 06:17:44", "elapsed": 6700.029156, "delta": 1368.799384}}
{"target": 0.720374156972438, "params": {"G": 6.186361355036147, "W": 8.446652310711753, "log_lamb": -3.415030346858538, "log_lr": -2.355426447196338}, "datetime": {"datetime": "2026-07-03 06:29:52", "elapsed": 7428.124572, "delta": 728.095416}}
{"target": 0.738798287080755, "params": {"G": 6.048826971172975, "W": 4.105885040127089, "log_lamb": -3.291678315215357, "log_lr": -2.3181710847594084}, "datetime": {"datetime": "2026-07-03 06:44:53", "elapsed": 8329.004391, "delta": 900.879819}}
{"target": 0.7279243530195959, "params": {"G": 6.986612971169105, "W": 3.0, "log_lamb": -3.282403668418617, "log_lr": -1.663375696279244}, "datetime": {"datetime": "2026-07-03 10:23:20", "elapsed": 21436.186176, "delta": 13107.181785}}
{"target": 0.7331930575122311, "params": {"G": 6.242926684333819, "W": 6.186860433773077, "log_lamb": -3.5917484740123613, "log_lr": -1.3548347739630127}, "datetime": {"datetime": "2026-07-03 10:36:42", "elapsed": 22238.665858, "delta": 802.479682}}
{"target": 0.7403191642244671, "params": {"G": 6.744809475483814, "W": 4.768845716495853, "log_lamb": -2.0902736933088675, "log_lr": -1.594013234557338}, "datetime": {"datetime": "2026-07-03 12:16:21", "elapsed": 0.0, "delta": 0.0}}
{"target": 0.7450230273797479, "params": {"G": 4.854191177165832, "W": 5.3395032565385625, "log_lamb": -2.1653550501124585, "log_lr": -1.2564346539099502}, "datetime": {"datetime": "2026-07-03 12:35:18", "elapsed": 1136.710567, "delta": 1136.710567}}
{"target": 0.6729770493875273, "params": {"G": 6.148157572870413, "W": 6.645628031058769, "log_lamb": -1.5849925795703277, "log_lr": -1.0}, "datetime": {"datetime": "2026-07-03 13:07:52", "elapsed": 3090.910748, "delta": 1954.200181}}
{"target": 0.7284890415304763, "params": {"G": 5.258420278330418, "W": 3.7471010164218614, "log_lamb": -2.1163226655323064, "log_lr": -1.0}, "datetime": {"datetime": "2026-07-03 13:29:03", "elapsed": 4362.323466, "delta": 1271.412718}}
{"target": 0.7346593879960588, "params": {"G": 4.357403025011927, "W": 4.707548280383669, "log_lamb": -2.2632977828428547, "log_lr": -2.720658846071361}, "datetime": {"datetime": "2026-07-03 14:11:35", "elapsed": 0.0, "delta": 0.0}}
{"target": 0.7257945815698176, "params": {"G": 4.091017099354228, "W": 6.025897574888744, "log_lamb": -3.6197358996819573, "log_lr": -1.633621649958419}, "datetime": {"datetime": "2026-07-03 14:22:25", "elapsed": 649.820532, "delta": 649.820532}}
{"target": 0.7237850166977675, "params": {"G": 3.187609117675642, "W": 4.760590604320809, "log_lamb": -1.958946257407148, "log_lr": -1.0270614971109429}, "datetime": {"datetime": "2026-07-03 14:35:33", "elapsed": 1437.379885, "delta": 787.559353}}
{"target": 0.7338884663541749, "params": {"G": 8.386312616065277, "W": 9.321368935971185, "log_lamb": -4.0, "log_lr": -1.0}, "datetime": {"datetime": "2026-07-03 14:45:23", "elapsed": 2027.897804, "delta": 590.517919}}
{"target": 0.7470765903445946, "params": {"G": 6.729983216488398, "W": 4.585304486982328, "log_lamb": -4.0, "log_lr": -1.0}, "datetime": {"datetime": "2026-07-03 14:57:45", "elapsed": 2770.155025, "delta": 742.257221}}
{"target": 0.734301296685427, "params": {"G": 8.995721502711358, "W": 7.500118360282505, "log_lamb": -4.0, "log_lr": -1.0}, "datetime": {"datetime": "2026-07-03 15:07:31", "elapsed": 3355.47872, "delta": 585.323695}}
{"target": 0.7391464765340112, "params": {"G": 8.445249746896225, "W": 8.53976504431898, "log_lamb": -4.0, "log_lr": -2.746992444556925}, "datetime": {"datetime": "2026-07-03 15:43:11", "elapsed": 5495.423832, "delta": 2139.945112}}
{"target": 0.7297925829063707, "params": {"G": 9.5521369767456, "W": 8.874706115380725, "log_lamb": -2.544821387563197, "log_lr": -1.928853662877873}, "datetime": {"datetime": "2026-07-03 16:07:46", "elapsed": 6970.371257, "delta": 1474.947425}}
{"target": 0.7182775506377098, "params": {"G": 9.77520941915688, "W": 10.0, "log_lamb": -4.0, "log_lr": -3.0488163352059288}, "datetime": {"datetime": "2026-07-03 17:07:31", "elapsed": 10556.078517, "delta": 3585.70726}}
{"target": 0.5778496217589023, "params": {"G": 5.124069733971501, "W": 4.930085044724514, "log_lamb": -4.0, "log_lr": -3.8063095916425183}, "datetime": {"datetime": "2026-07-03 17:48:05", "elapsed": 12990.271938, "delta": 2434.193421}}
{"target": 0.39113429490688667, "params": {"G": 3.7395011280047483, "W": 6.101428471054875, "log_lamb": -1.2851044113121943, "log_lr": -2.4899349068354253}, "datetime": {"datetime": "2026-07-03 18:30:17", "elapsed": 15521.804944, "delta": 2531.533006}}
{"target": 0.7544090924553257, "params": {"G": 5.416888332637524, "W": 4.868565205786249, "log_lamb": -3.268303229838574, "log_lr": -1.0}, "datetime": {"datetime": "2026-07-03 18:42:44", "elapsed": 16269.260561, "delta": 747.455617}}
{"target": 0.7161803418480397, "params": {"G": 3.996306945709524, "W": 3.3315293930669836, "log_lamb": -2.381410949971662, "log_lr": -2.196621154157592}, "datetime": {"datetime": "2026-07-03 19:09:42", "elapsed": 17886.984212, "delta": 1617.723651}}
{"target": 0.7326935126135389, "params": {"G": 8.025737327857952, "W": 8.073462411263268, "log_lamb": -2.7325324335756545, "log_lr": -1.7445023665392114}, "datetime": {"datetime": "2026-07-03 19:21:42", "elapsed": 18606.590284, "delta": 719.606072}}
{"target": 0.7322047216240699, "params": {"G": 7.9723205094078065, "W": 9.960372874427103, "log_lamb": -2.971483319335183, "log_lr": -2.408013067428383}, "datetime": {"datetime": "2026-07-03 19:55:16", "elapsed": 20620.570031, "delta": 2013.979747}}
{"target": 0.6148923982135116, "params": {"G": 8.546855860908655, "W": 8.78116828543464, "log_lamb": -2.387062379605618, "log_lr": -3.7524351887157192}, "datetime": {"datetime": "2026-07-03 20:43:36", "elapsed": 23520.612587, "delta": 2900.042556}}
{"target": 0.6742814292438061, "params": {"G": 5.659745493505378, "W": 4.153476908587107, "log_lamb": -1.783814705669543, "log_lr": -2.5066003327964848}, "datetime": {"datetime": "2026-07-03 21:42:02", "elapsed": 27026.507233, "delta": 3505.894646}}
{"target": 0.7230676970239347, "params": {"G": 5.644433392652169, "W": 3.4706161403949856, "log_lamb": -4.0, "log_lr": -1.0}, "datetime": {"datetime": "2026-07-03 21:57:35", "elapsed": 27960.187229, "delta": 933.679996}}
{"target": 0.7241331854987975, "params": {"G": 7.652247985521331, "W": 7.135465950256921, "log_lamb": -4.0, "log_lr": -2.215900848270746}, "datetime": {"datetime": "2026-07-03 22:46:27", "elapsed": 30891.802459, "delta": 2931.61523}}
{"target": 0.7201465753401621, "params": {"G": 10.0, "W": 8.771463888211816, "log_lamb": -4.0, "log_lr": -1.541942565594821}, "datetime": {"datetime": "2026-07-03 23:37:54", "elapsed": 33979.229301, "delta": 3087.426842}}
{"target": 0.7307493657332539, "params": {"G": 6.872695329362443, "W": 9.844914689560856, "log_lamb": -4.0, "log_lr": -1.54991732371476}, "datetime": {"datetime": "2026-07-04 00:00:44", "elapsed": 35348.799206, "delta": 1369.569905}}
{"target": 0.7468049728554516, "params": {"G": 8.140859438354926, "W": 9.722778754245942, "log_lamb": -2.1891208285288193, "log_lr": -1.0}, "datetime": {"datetime": "2026-07-04 01:06:12", "elapsed": 39276.973969, "delta": 3928.174763}}
{"target": 0.6435267747704498, "params": {"G": 9.662052209059947, "W": 10.0, "log_lamb": -1.409581100704865, "log_lr": -1.0}, "datetime": {"datetime": "2026-07-04 01:59:30", "elapsed": 42474.792085, "delta": 3197.818116}}
{"target": 0.7450123124147229, "params": {"G": 7.0426691021519865, "W": 9.125612117724483, "log_lamb": -2.73435300811038, "log_lr": -1.0}, "datetime": {"datetime": "2026-07-04 02:08:45", "elapsed": 43029.979443, "delta": 555.187358}}
