{"target": 0.6834930419921875, "params": {"log_lr": -2.8763796434579127, "num_features": 970.7400156458966}, "datetime": {"datetime": "2026-07-03 03:21:07", "elapsed": 0.0, "delta": 0.0}}
{"target": 0.6527172923088074, "params": {"log_lr": -1.8040181745657846, "num_features": 704.5858140529597}, "datetime": {"datetime": "2026-07-03 03:21:28", "elapsed": 21.813761, "delta": 21.813761}}
{"target": 0.575163996219635, "params": {"log_lr": -3.5319440786726903, "num_features": 369.9318573741692}, "datetime": {"datetime": "2026-07-03 03:21:53", "elapsed": 46.898455, "delta": 25.084694}}
{"target": 0.5945661187171936, "params": {"log_lr": -3.8257491634954017, "num_features": 906.829166205851}, "datetime": {"datetime": "2026-07-03 03:23:01", "elapsed": 114.23562, "delta": 67.337165}}
{"target": 0.608504056930542, "params": {"log_lr": -2.181689885494699, "num_features": 969.8503263943102}, "datetime": {"datetime": "2026-07-03 03:24:12", "elapsed": 185.814933, "delta": 71.579313}}
{"target": 0.651826798915863, "params": {"log_lr": -1.6285546640099078, "num_features": 343.57315890675045}, "datetime": {"datetime": "2026-07-03 03:24:35", "elapsed": 208.392859, "delta": 22.577926}}
{"target": 0.6911953210830688, "params": {"log_lr": -2.869030498590334, "num_features": 970.7473657493088}, "datetime": {"datetime": "2026-07-03 03:26:03", "elapsed": 296.849813, "delta": 88.456954}}
{"target": 0.5512104988098144, "params": {"log_lr": -1.664309963250269, "num_features": 704.5777268785034}, "datetime": {"datetime": "2026-07-03 03:26:13", "elapsed": 306.899934, "delta": 10.050121}}
{"target": 0.6527599334716797, "params": {"log_lr": -1.7395281491955503, "num_features": 343.5860668884192}, "datetime": {"datetime": "2026-07-03 03:26:37", "elapsed": 330.488462, "delta": 23.588528}}
{"target": 0.6695010662078857, "params": {"log_lr": -2.0456413055125986, "num_features": 519.6419732806762}, "datetime": {"datetime": "2026-07-03 03:27:07", "elapsed": 359.939395, "delta": 29.450933}}
{"target": 0.6786044359207153, "params": {"log_lr": -2.7622937274063677, "num_features": 815.511812689559}, "datetime": {"datetime": "2026-07-03 03:28:31", "elapsed": 444.310546, "delta": 84.371151}}
{"target": 0.6382372379302979, "params": {"log_lr": -1.7021057010310843, "num_features": 343.45395055815015}, "datetime": {"datetime": "2026-07-03 03:28:55", "elapsed": 468.190983, "delta": 23.880437}}
{"target": 0.680147111415863, "params": {"log_lr": -2.790304691333657, "num_features": 970.7552444194042}, "datetime": {"datetime": "2026-07-03 03:30:24", "elapsed": 557.207776, "delta": 89.016793}}
{"target": 0.6716736555099487, "params": {"log_lr": -2.3858265409757973, "num_features": 497.15354362246603}, "datetime": {"datetime": "2026-07-03 03:30:52", "elapsed": 585.555054, "delta": 28.347278}}
{"target": 0.6756605744361878, "params": {"log_lr": -2.0617455771803237, "num_features": 519.77050719363}, "datetime": {"datetime": "2026-07-03 03:31:20", "elapsed": 613.777218, "delta": 28.222164}}
{"target": 0.6873600959777832, "params": {"log_lr": -1.9404407333136853, "num_features": 519.7343313373595}, "datetime": {"datetime": "2026-07-03 03:31:50", "elapsed": 643.644415, "delta": 29.867197}}
{"target": 0.6725863099098206, "params": {"log_lr": -2.87728027010999, "num_features": 815.5791586908704}, "datetime": {"datetime": "2026-07-03 03:33:34", "elapsed": 747.078331, "delta": 103.433916}}
{"target": 0.6688372135162354, "params": {"log_lr": -1.9381054446099557, "num_features": 519.8601924734528}, "datetime": {"datetime": "2026-07-03 03:33:56", "elapsed": 769.821274, "delta": 22.742943}}
{"target": 0.6652968764305115, "params": {"log_lr": -2.2396008358801023, "num_features": 497.08962910870014}, "datetime": {"datetime": "2026-07-03 03:34:26", "elapsed": 799.495877, "delta": 29.674603}}
{"target": 0.6783437609672547, "params": {"log_lr": -2.7361850267226084, "num_features": 815.6520300981344}, "datetime": {"datetime": "2026-07-03 03:36:03", "elapsed": 896.643721, "delta": 97.147844}}
